<?xml version="1.0" encoding="UTF-8"?>
<robot generator="Robot 3.2.1 (Python 3.8.3 on win32)" generated="20200622 02:44:19.180" rpa="false">
<suite id="s1" name="Amazon" source="C:\Users\Pranit\workspace\git-demo\tests\Amazon.robot">
<test id="s1-t1" name="User must signt in to check out">
<kw name="Open Browser" library="SeleniumLibrary">
<doc>Opens a new browser instance to the optional ``url``.</doc>
<arguments>
<arg>http://www.amazon.com</arg>
<arg>${BROWSER}</arg>
</arguments>
<msg timestamp="20200622 02:44:19.987" level="INFO">Opening browser 'ie' to base url 'http://www.amazon.com'.</msg>
<status status="PASS" starttime="20200622 02:44:19.986" endtime="20200622 02:46:54.311"></status>
</kw>
<kw name="Maximize Browser Window" library="SeleniumLibrary">
<doc>Maximizes current browser window.</doc>
<status status="PASS" starttime="20200622 02:46:54.318" endtime="20200622 02:46:54.359"></status>
</kw>
<kw name="Wait Until Element Is Visible" library="SeleniumLibrary">
<doc>Waits until the element ``locator`` is visible.</doc>
<arguments>
<arg>xpath://*[@id="nav-logo"]/a/span[1]</arg>
</arguments>
<status status="PASS" starttime="20200622 02:46:54.380" endtime="20200622 02:47:09.491"></status>
</kw>
<kw name="Input Text" library="SeleniumLibrary">
<doc>Types the given ``text`` into the text field identified by ``locator``.</doc>
<arguments>
<arg>id=twotabsearchtextbox</arg>
<arg>ferrari 458 italia red</arg>
</arguments>
<msg timestamp="20200622 02:47:09.493" level="INFO">Typing text 'ferrari 458 italia red' into text field 'id=twotabsearchtextbox'.</msg>
<status status="PASS" starttime="20200622 02:47:09.492" endtime="20200622 02:49:02.236"></status>
</kw>
<kw name="Click Element" library="SeleniumLibrary">
<doc>Click the element identified by ``locator``.</doc>
<arguments>
<arg>xpath://*[@id="nav-search"]/form/div[2]/div/input</arg>
</arguments>
<msg timestamp="20200622 02:49:02.238" level="INFO">Clicking element 'xpath://*[@id="nav-search"]/form/div[2]/div/input'.</msg>
<status status="PASS" starttime="20200622 02:49:02.238" endtime="20200622 02:49:24.465"></status>
</kw>
<kw name="Wait Until Page Contains" library="SeleniumLibrary">
<doc>Waits until ``text`` appears on the current page.</doc>
<arguments>
<arg>"ferrari 458 italia red"</arg>
</arguments>
<status status="PASS" starttime="20200622 02:49:24.466" endtime="20200622 02:49:25.323"></status>
</kw>
<kw name="Click Element" library="SeleniumLibrary">
<doc>Click the element identified by ``locator``.</doc>
<arguments>
<arg>xpath://*[@id="search"]/div[1]/div[2]/div/span[3]/div[2]/div[2]/div/span/div/div/div[2]/h2/a/span</arg>
</arguments>
<msg timestamp="20200622 02:49:25.327" level="INFO">Clicking element 'xpath://*[@id="search"]/div[1]/div[2]/div/span[3]/div[2]/div[2]/div/span/div/div/div[2]/h2/a/span'.</msg>
<status status="PASS" starttime="20200622 02:49:25.326" endtime="20200622 02:49:56.767"></status>
</kw>
<kw name="Wait Until Element Is Visible" library="SeleniumLibrary">
<doc>Waits until the element ``locator`` is visible.</doc>
<arguments>
<arg>Xpath://*[@id="breadcrumb-back-link"]</arg>
</arguments>
<status status="PASS" starttime="20200622 02:49:56.769" endtime="20200622 02:49:57.442"></status>
</kw>
<kw name="Click Button" library="SeleniumLibrary">
<doc>Clicks the button identified by ``locator``.</doc>
<arguments>
<arg>id=add-to-cart-button</arg>
</arguments>
<msg timestamp="20200622 02:49:57.445" level="INFO">Clicking button 'id=add-to-cart-button'.</msg>
<status status="PASS" starttime="20200622 02:49:57.445" endtime="20200622 02:50:07.111"></status>
</kw>
<kw name="Wait Until Element Is Visible" library="SeleniumLibrary">
<doc>Waits until the element ``locator`` is visible.</doc>
<arguments>
<arg>id=hlb-ptc-btn-native</arg>
</arguments>
<status status="PASS" starttime="20200622 02:50:07.112" endtime="20200622 02:50:07.889"></status>
</kw>
<kw name="Click Element" library="SeleniumLibrary">
<doc>Click the element identified by ``locator``.</doc>
<arguments>
<arg>id=hlb-ptc-btn-native</arg>
</arguments>
<msg timestamp="20200622 02:50:07.890" level="INFO">Clicking element 'id=hlb-ptc-btn-native'.</msg>
<status status="PASS" starttime="20200622 02:50:07.889" endtime="20200622 02:50:14.157"></status>
</kw>
<kw name="Sleep" library="BuiltIn">
<doc>Pauses the test executed for the given time.</doc>
<arguments>
<arg>3s</arg>
</arguments>
<msg timestamp="20200622 02:50:17.161" level="INFO">Slept 3 seconds</msg>
<status status="PASS" starttime="20200622 02:50:14.158" endtime="20200622 02:50:17.161"></status>
</kw>
<kw name="Close Browser" library="SeleniumLibrary">
<doc>Closes the current browser.</doc>
<status status="PASS" starttime="20200622 02:50:17.162" endtime="20200622 02:50:20.316"></status>
</kw>
<doc>This is some basic info about the test</doc>
<tags>
<tag>Smoke</tag>
</tags>
<status status="PASS" starttime="20200622 02:44:19.983" endtime="20200622 02:50:20.317" critical="yes"></status>
</test>
<doc>This is some basic info about the whole suite</doc>
<status status="PASS" starttime="20200622 02:44:19.186" endtime="20200622 02:50:20.321"></status>
</suite>
<statistics>
<total>
<stat pass="1" fail="0">Critical Tests</stat>
<stat pass="1" fail="0">All Tests</stat>
</total>
<tag>
<stat pass="1" fail="0">Smoke</stat>
</tag>
<suite>
<stat pass="1" fail="0" id="s1" name="Amazon">Amazon</stat>
</suite>
</statistics>
<errors>
</errors>
</robot>
