<?xml version="1.0" encoding="UTF-8"?>
<robot generator="Robot 3.2.1 (Python 3.8.3 on win32)" generated="20200622 02:22:20.033" rpa="false">
<suite id="s1" name="Amazon" source="C:\Users\Pranit\workspace\git-demo\tests\Amazon.robot">
<test id="s1-t1" name="User must signt in to check out">
<kw name="Open Browser" library="SeleniumLibrary">
<doc>Opens a new browser instance to the optional ``url``.</doc>
<arguments>
<arg>http://www.amazon.com</arg>
<arg>chrome</arg>
</arguments>
<msg timestamp="20200622 02:22:20.749" level="INFO">Opening browser 'chrome' to base url 'http://www.amazon.com'.</msg>
<status status="PASS" starttime="20200622 02:22:20.749" endtime="20200622 02:22:39.866"></status>
</kw>
<kw name="Maximize Browser Window" library="SeleniumLibrary">
<doc>Maximizes current browser window.</doc>
<status status="PASS" starttime="20200622 02:22:39.868" endtime="20200622 02:22:41.884"></status>
</kw>
<kw name="Wait Until Element Is Visible" library="SeleniumLibrary">
<doc>Waits until the element ``locator`` is visible.</doc>
<arguments>
<arg>xpath://*[@id="nav-logo"]/a/span[1]</arg>
</arguments>
<status status="PASS" starttime="20200622 02:22:41.906" endtime="20200622 02:22:43.818"></status>
</kw>
<kw name="Input Text" library="SeleniumLibrary">
<doc>Types the given ``text`` into the text field identified by ``locator``.</doc>
<arguments>
<arg>id=twotabsearchtextbox</arg>
<arg>ferrari 458 italia red</arg>
</arguments>
<msg timestamp="20200622 02:22:43.821" level="INFO">Typing text 'ferrari 458 italia red' into text field 'id=twotabsearchtextbox'.</msg>
<status status="PASS" starttime="20200622 02:22:43.820" endtime="20200622 02:22:45.178"></status>
</kw>
<kw name="Click Element" library="SeleniumLibrary">
<doc>Click the element identified by ``locator``.</doc>
<arguments>
<arg>xpath://*[@id="nav-search"]/form/div[2]/div/input</arg>
</arguments>
<msg timestamp="20200622 02:22:45.181" level="INFO">Clicking element 'xpath://*[@id="nav-search"]/form/div[2]/div/input'.</msg>
<status status="PASS" starttime="20200622 02:22:45.180" endtime="20200622 02:22:53.230"></status>
</kw>
<kw name="Wait Until Page Contains" library="SeleniumLibrary">
<doc>Waits until ``text`` appears on the current page.</doc>
<arguments>
<arg>"ferrari 458 italia red"</arg>
</arguments>
<status status="PASS" starttime="20200622 02:22:53.249" endtime="20200622 02:22:53.566"></status>
</kw>
<kw name="Click Element" library="SeleniumLibrary">
<doc>Click the element identified by ``locator``.</doc>
<arguments>
<arg>xpath://*[@id="search"]/div[1]/div[2]/div/span[3]/div[2]/div[2]/div/span/div/div/div[2]/h2/a/span</arg>
</arguments>
<msg timestamp="20200622 02:22:53.573" level="INFO">Clicking element 'xpath://*[@id="search"]/div[1]/div[2]/div/span[3]/div[2]/div[2]/div/span/div/div/div[2]/h2/a/span'.</msg>
<status status="PASS" starttime="20200622 02:22:53.572" endtime="20200622 02:22:57.592"></status>
</kw>
<kw name="Wait Until Element Is Visible" library="SeleniumLibrary">
<doc>Waits until the element ``locator`` is visible.</doc>
<arguments>
<arg>Xpath://*[@id="breadcrumb-back-link"]</arg>
</arguments>
<status status="PASS" starttime="20200622 02:22:57.593" endtime="20200622 02:23:00.837"></status>
</kw>
<kw name="Click Button" library="SeleniumLibrary">
<doc>Clicks the button identified by ``locator``.</doc>
<arguments>
<arg>id=add-to-cart-button</arg>
</arguments>
<msg timestamp="20200622 02:23:00.839" level="INFO">Clicking button 'id=add-to-cart-button'.</msg>
<status status="PASS" starttime="20200622 02:23:00.838" endtime="20200622 02:23:10.912"></status>
</kw>
<kw name="Wait Until Element Is Visible" library="SeleniumLibrary">
<doc>Waits until the element ``locator`` is visible.</doc>
<arguments>
<arg>id=hlb-ptc-btn-native</arg>
</arguments>
<status status="PASS" starttime="20200622 02:23:10.965" endtime="20200622 02:23:13.281"></status>
</kw>
<kw name="Click Element" library="SeleniumLibrary">
<doc>Click the element identified by ``locator``.</doc>
<arguments>
<arg>id=hlb-ptc-btn-native</arg>
</arguments>
<msg timestamp="20200622 02:23:13.312" level="INFO">Clicking element 'id=hlb-ptc-btn-native'.</msg>
<status status="PASS" starttime="20200622 02:23:13.311" endtime="20200622 02:23:15.220"></status>
</kw>
<kw name="Sleep" library="BuiltIn">
<doc>Pauses the test executed for the given time.</doc>
<arguments>
<arg>3s</arg>
</arguments>
<msg timestamp="20200622 02:23:18.224" level="INFO">Slept 3 seconds</msg>
<status status="PASS" starttime="20200622 02:23:15.223" endtime="20200622 02:23:18.224"></status>
</kw>
<kw name="Close Browser" library="SeleniumLibrary">
<doc>Closes the current browser.</doc>
<status status="PASS" starttime="20200622 02:23:18.226" endtime="20200622 02:23:24.062"></status>
</kw>
<doc>This is some basic info about the test</doc>
<tags>
<tag>Smoke</tag>
</tags>
<status status="PASS" starttime="20200622 02:22:20.747" endtime="20200622 02:23:24.063" critical="yes"></status>
</test>
<doc>This is some basic info about the whole suite</doc>
<status status="PASS" starttime="20200622 02:22:20.041" endtime="20200622 02:23:24.068"></status>
</suite>
<statistics>
<total>
<stat pass="1" fail="0">Critical Tests</stat>
<stat pass="1" fail="0">All Tests</stat>
</total>
<tag>
<stat pass="1" fail="0">Smoke</stat>
</tag>
<suite>
<stat pass="1" fail="0" id="s1" name="Amazon">Amazon</stat>
</suite>
</statistics>
<errors>
</errors>
</robot>
